Using pre-set license
Built from '2020.3/staging' branch; Version is '2020.3.24f1 (79c78de19888) revision 7980941'; Using compiler version '192528614'; Build Type 'Release'
OS: 'Windows 10  (10.0.19044) 64bit Enterprise' Language: 'en' Physical Memory: 32614 MB
BatchMode: 1, IsHumanControllingUs: 0, StartBugReporterOnCrash: 0, Is64bit: 1, IsPro: 0

COMMAND LINE ARGUMENTS:
C:\Program Files\Unity\Hub\Editor\2020.3.24f1\Editor\Unity.exe
-adb2
-batchMode
-noUpm
-name
AssetImportWorker0
-projectPath
C:/Unity/UnityProject/OculusEnvironment
-logFile
Logs/AssetImportWorker0.log
-srvPort
56394
Successfully changed project path to: C:/Unity/UnityProject/OculusEnvironment
C:/Unity/UnityProject/OculusEnvironment
Using Asset Import Pipeline V2.
Refreshing native plugins compatible for Editor in 93.91 ms, found 13 plugins.
Preloading 1 native plugins for Editor in 0.49 ms.
Initialize engine version: 2020.3.24f1 (79c78de19888)
[Subsystems] Discovering subsystems at path C:/Program Files/Unity/Hub/Editor/2020.3.24f1/Editor/Data/Resources/UnitySubsystems
[Subsystems] Discovering subsystems at path C:/Unity/UnityProject/OculusEnvironment/Assets
[Subsystems] No descriptors matched for  examples in Assets/MeshingFeaturePlugin/UnitySubsystemsManifest.json.
[Subsystems] No descriptors matched for  inputs in Assets/MeshingFeaturePlugin/UnitySubsystemsManifest.json.
[Subsystems] No descriptors matched for  displays in Assets/MeshingFeaturePlugin/UnitySubsystemsManifest.json.
[Subsystems] 1 'meshings' descriptors matched in Assets/MeshingFeaturePlugin/UnitySubsystemsManifest.json
GfxDevice: creating device client; threaded=0
Direct3D:
    Version:  Direct3D 11.0 [level 11.1]
    Renderer: AMD Radeon Pro 5500 XT (ID=0x7340)
    Vendor:   
    VRAM:     8149 MB
    Driver:   26.20.15032.2015
Shader 'Oculus/OVRMRCameraFrameLit': fallback shader 'Alpha-Diffuse' not found
Initialize mono
Mono path[0] = 'C:/Program Files/Unity/Hub/Editor/2020.3.24f1/Editor/Data/Managed'
Mono path[1] = 'C:/Program Files/Unity/Hub/Editor/2020.3.24f1/Editor/Data/MonoBleedingEdge/lib/mono/unityjit'
Mono config path = 'C:/Program Files/Unity/Hub/Editor/2020.3.24f1/Editor/Data/MonoBleedingEdge/etc'
Using monoOptions --debugger-agent=transport=dt_socket,embedding=1,server=y,suspend=n,address=127.0.0.1:56228
Begin MonoManager ReloadAssembly
Registering precompiled unity dll's ...
Register platform support module: C:/Program Files/Unity/Hub/Editor/2020.3.24f1/Editor/Data/PlaybackEngines/WindowsStandaloneSupport/UnityEditor.WindowsStandalone.Extensions.dll
Registered in 0.001287 seconds.
Native extension for WindowsStandalone target not found
Refreshing native plugins compatible for Editor in 75.81 ms, found 13 plugins.
Preloading 1 native plugins for Editor in 0.05 ms.
Mono: successfully reloaded assembly
- Completed reload, in  0.504 seconds
Domain Reload Profiling:
	ReloadAssembly (504ms)
		BeginReloadAssembly (42ms)
			ExecutionOrderSort (0ms)
			DisableScriptedObjects (0ms)
			BackupInstance (0ms)
			ReleaseScriptingObjects (0ms)
			CreateAndSetChildDomain (1ms)
		EndReloadAssembly (402ms)
			LoadAssemblies (41ms)
			RebuildTransferFunctionScriptingTraits (0ms)
			SetupTypeCache (117ms)
			ReleaseScriptCaches (0ms)
			RebuildScriptCaches (23ms)
			SetupLoadedEditorAssemblies (179ms)
				LogAssemblyErrors (0ms)
				InitializePlatformSupportModulesInManaged (3ms)
				SetLoadedEditorAssemblies (0ms)
				RefreshPlugins (76ms)
				BeforeProcessingInitializeOnLoad (13ms)
				ProcessInitializeOnLoadAttributes (63ms)
				ProcessInitializeOnLoadMethodAttributes (24ms)
				AfterProcessingInitializeOnLoad (0ms)
				EditorAssembliesLoaded (0ms)
			ExecutionOrderSort2 (0ms)
			AwakeInstancesAfterBackupRestoration (0ms)
Platform modules already initialized, skipping
Registering precompiled user dll's ...
Registered in 0.011035 seconds.
Begin MonoManager ReloadAssembly
Native extension for WindowsStandalone target not found
Refreshing native plugins compatible for Editor in 71.53 ms, found 13 plugins.
Preloading 1 native plugins for Editor in 0.05 ms.
[XR] OculusXRPlugin: registering subsystems
[XR] Unable to register display lifecyle provider: [1]
[XR] Oculus Input lifecycle provider registered.
[XR] Unable to register input lifecyle provider: [1]
[XR] OVRP version 1.65.0
Mono: successfully reloaded assembly
- Completed reload, in  1.086 seconds
Domain Reload Profiling:
	ReloadAssembly (1086ms)
		BeginReloadAssembly (110ms)
			ExecutionOrderSort (0ms)
			DisableScriptedObjects (4ms)
			BackupInstance (0ms)
			ReleaseScriptingObjects (0ms)
			CreateAndSetChildDomain (16ms)
		EndReloadAssembly (927ms)
			LoadAssemblies (80ms)
			RebuildTransferFunctionScriptingTraits (0ms)
			SetupTypeCache (269ms)
			ReleaseScriptCaches (1ms)
			RebuildScriptCaches (46ms)
			SetupLoadedEditorAssemblies (425ms)
				LogAssemblyErrors (0ms)
				InitializePlatformSupportModulesInManaged (3ms)
				SetLoadedEditorAssemblies (0ms)
				RefreshPlugins (72ms)
				BeforeProcessingInitializeOnLoad (80ms)
				ProcessInitializeOnLoadAttributes (223ms)
				ProcessInitializeOnLoadMethodAttributes (42ms)
				AfterProcessingInitializeOnLoad (4ms)
				EditorAssembliesLoaded (0ms)
			ExecutionOrderSort2 (0ms)
			AwakeInstancesAfterBackupRestoration (5ms)
Platform modules already initialized, skipping
========================================================================
Worker process is ready to serve import requests
Shader 'Oculus/OVRMRCameraFrameLit': fallback shader 'Alpha-Diffuse' not found
Launched and connected shader compiler UnityShaderCompiler.exe after 0.05 seconds
Refreshing native plugins compatible for Editor in 1.22 ms, found 13 plugins.
Preloading 1 native plugins for Editor in 0.05 ms.
Unloading 3473 Unused Serialized files (Serialized files now loaded: 0)
System memory in use before: 144.6 MB.
System memory in use after: 144.8 MB.

Unloading 119 unused Assets to reduce memory usage. Loaded Objects now: 3849.
Total: 5.982900 ms (FindLiveObjects: 0.314300 ms CreateObjectMapping: 0.158600 ms MarkObjects: 5.415900 ms  DeleteObjects: 0.093100 ms)

AssetImportParameters requested are different than current active one (requested -> active):
  requireTextureImportCompression: false -> true
  custom:framework-win-MediaFoundation: 216162199b28c13a410421893ffa2e32 -> 
  custom:video-decoder-ogg-theora: a1e56fd34408186e4bbccfd4996cb3dc -> 
  custom:container-muxer-webm: aa71ff27fc2769a1b78a27578f13a17b -> 
  custom:container-demuxer-webm: 4f35f7cbe854078d1ac9338744f61a02 -> 
  custom:container-demuxer-ogg: 62fdf1f143b41e24485cea50d1cbac27 -> 
  custom:video-encoder-webm-vp8: eb34c28f22e8b96e1ab97ce403110664 -> 
  custom:video-decoder-webm-vp8: 9c59270c3fd7afecdb556c50c9e8de78 -> 
  custom:audio-decoder-ogg-vorbis: bf7c407c2cedff20999df2af8eb42d56 -> 
  custom:audio-encoder-webm-vorbis: bf7c407c2cedff20999df2af8eb42d56 -> 
========================================================================
Received Import Request.
  path: Assets/ScriptLeo/Network/Photon_NetworkHandler.cs
  artifactKey: Guid(d4d9758cfcb914bfe93e8a8e11ef7355) Importer(815301076,1909f56bfc062723c751e8b465ee728b)
Start importing Assets/ScriptLeo/Network/Photon_NetworkHandler.cs using Guid(d4d9758cfcb914bfe93e8a8e11ef7355) Importer(815301076,1909f56bfc062723c751e8b465ee728b)  -> (artifact id: '795234c943c964c15422d960ca604002') in 0.015810 seconds 
  Import took 0.019983 seconds .

========================================================================
Received Import Request.
  Time since last request: 29.358446 seconds.
  path: Assets/ScriptLeo/Network/VRNetworkPlayer.cs
  artifactKey: Guid(753a366071a1f4be8b41f52f67f89dad) Importer(815301076,1909f56bfc062723c751e8b465ee728b)
Start importing Assets/ScriptLeo/Network/VRNetworkPlayer.cs using Guid(753a366071a1f4be8b41f52f67f89dad) Importer(815301076,1909f56bfc062723c751e8b465ee728b)  -> (artifact id: 'e8494fd5b5c7f6f76ff8b50642441e5b') in 0.005017 seconds 
  Import took 0.009897 seconds .

========================================================================
Received Import Request.
  Time since last request: 4.193645 seconds.
  path: Assets/ScriptLeo/Network/NetworkGame_Controller.cs
  artifactKey: Guid(e3243ea8f8a2c42a199732de0344cbd5) Importer(815301076,1909f56bfc062723c751e8b465ee728b)
Start importing Assets/ScriptLeo/Network/NetworkGame_Controller.cs using Guid(e3243ea8f8a2c42a199732de0344cbd5) Importer(815301076,1909f56bfc062723c751e8b465ee728b)  -> (artifact id: '26bd774c013a210f835bac9f4d9bfab7') in 0.004933 seconds 
  Import took 0.009193 seconds .

========================================================================
Received Import Request.
  Time since last request: 10.627351 seconds.
  path: Assets/TextMesh Pro
  artifactKey: Guid(f54d1bd14bd3ca042bd867b519fee8cc) Importer(815301076,1909f56bfc062723c751e8b465ee728b)
Start importing Assets/TextMesh Pro using Guid(f54d1bd14bd3ca042bd867b519fee8cc) Importer(815301076,1909f56bfc062723c751e8b465ee728b)  -> (artifact id: '16b4cbde9565bf190136f1148817e1ea') in 0.004913 seconds 
  Import took 0.009562 seconds .

========================================================================
Received Import Request.
  Time since last request: 1.911233 seconds.
  path: Assets/Resources
  artifactKey: Guid(bd171320798d74b83b5cb3bde2875df1) Importer(815301076,1909f56bfc062723c751e8b465ee728b)
Start importing Assets/Resources using Guid(bd171320798d74b83b5cb3bde2875df1) Importer(815301076,1909f56bfc062723c751e8b465ee728b)  -> (artifact id: '839552b8abac778c98b47884839b82f9') in 0.004926 seconds 
  Import took 0.009719 seconds .

========================================================================
Received Import Request.
  Time since last request: 2.868433 seconds.
  path: Assets/Scenes
  artifactKey: Guid(6e2e535e7f5a4462fb501d35fd12556e) Importer(815301076,1909f56bfc062723c751e8b465ee728b)
Start importing Assets/Scenes using Guid(6e2e535e7f5a4462fb501d35fd12556e) Importer(815301076,1909f56bfc062723c751e8b465ee728b)  -> (artifact id: '3c41f637b2723feb65c89b484be974d1') in 0.004813 seconds 
  Import took 0.009588 seconds .

========================================================================
Received Import Request.
  Time since last request: 9.921819 seconds.
  path: Assets/TextMesh Pro/Examples & Extras/Scenes/10 - Bullets & Numbered List Example.unity
  artifactKey: Guid(c3f814e1d12c45568daf3dd9a86a0e61) Importer(815301076,1909f56bfc062723c751e8b465ee728b)
Start importing Assets/TextMesh Pro/Examples & Extras/Scenes/10 - Bullets & Numbered List Example.unity using Guid(c3f814e1d12c45568daf3dd9a86a0e61) Importer(815301076,1909f56bfc062723c751e8b465ee728b)  -> (artifact id: 'f893e7a62f5321dd431994e27e48724f') in 0.014705 seconds 
  Import took 0.018853 seconds .

========================================================================
Received Import Request.
  Time since last request: 22.920199 seconds.
  path: Assets/WB_photon.unity
  artifactKey: Guid(ba28ab3e814f045f1b59a14f5fffaf0a) Importer(815301076,1909f56bfc062723c751e8b465ee728b)
Start importing Assets/WB_photon.unity using Guid(ba28ab3e814f045f1b59a14f5fffaf0a) Importer(815301076,1909f56bfc062723c751e8b465ee728b)  -> (artifact id: '650758aa11c81d2603029d68c8bb80f5') in 0.005219 seconds 
  Import took 0.010108 seconds .

========================================================================
Received Import Request.
  Time since last request: 8278.607300 seconds.
  path: Assets/Lobby.unity
  artifactKey: Guid(7cc437b9d47a448658289ce2b5924d54) Importer(815301076,1909f56bfc062723c751e8b465ee728b)
Start importing Assets/Lobby.unity using Guid(7cc437b9d47a448658289ce2b5924d54) Importer(815301076,1909f56bfc062723c751e8b465ee728b)  -> (artifact id: 'ff2af41e12f635009e16c57e653f2bd9') in 0.005584 seconds 
  Import took 0.011513 seconds .

========================================================================
Received Import Request.
  Time since last request: 30.654945 seconds.
  path: Assets/WB_photon
  artifactKey: Guid(80cbae33a4bde4b8c914175eea7bd1ea) Importer(815301076,1909f56bfc062723c751e8b465ee728b)
Start importing Assets/WB_photon using Guid(80cbae33a4bde4b8c914175eea7bd1ea) Importer(815301076,1909f56bfc062723c751e8b465ee728b)  -> (artifact id: '60d9813a10ea63323ad44e5c061d75e7') in 0.005607 seconds 
  Import took 0.010546 seconds .

========================================================================
Received Import Request.
  Time since last request: 5972.557811 seconds.
  path: Assets/ScriptLeo/Debug_CallFunction.cs
  artifactKey: Guid(bd6f00875090d4d0a8f3abdacd40d568) Importer(815301076,1909f56bfc062723c751e8b465ee728b)
Start importing Assets/ScriptLeo/Debug_CallFunction.cs using Guid(bd6f00875090d4d0a8f3abdacd40d568) Importer(815301076,1909f56bfc062723c751e8b465ee728b)  -> (artifact id: '9b1b86c6108b01d5cc0c7c877fb6545c') in 0.005073 seconds 
  Import took 0.010774 seconds .

========================================================================
Received Import Request.
  Time since last request: 4.030228 seconds.
  path: Assets/ScriptLeo/FlipNormal.shader
  artifactKey: Guid(57d85954e3f0341fab69a0d0feb4774a) Importer(815301076,1909f56bfc062723c751e8b465ee728b)
Start importing Assets/ScriptLeo/FlipNormal.shader using Guid(57d85954e3f0341fab69a0d0feb4774a) Importer(815301076,1909f56bfc062723c751e8b465ee728b)  -> (artifact id: 'fb7fd95a4afb79155a5c98617781738c') in 0.006943 seconds 
  Import took 0.011086 seconds .

========================================================================
Received Import Request.
  Time since last request: 1.987431 seconds.
  path: Assets/ScriptLeo/C_MatControl.cs
  artifactKey: Guid(0ed34b4ee1d324b89ae8bd8969078227) Importer(815301076,1909f56bfc062723c751e8b465ee728b)
Start importing Assets/ScriptLeo/C_MatControl.cs using Guid(0ed34b4ee1d324b89ae8bd8969078227) Importer(815301076,1909f56bfc062723c751e8b465ee728b)  -> (artifact id: '6287ba3a45ed46caa47c7db4a502181e') in 0.004569 seconds 
  Import took 0.008672 seconds .

========================================================================
Received Import Request.
  Time since last request: 1.006096 seconds.
  path: Assets/ScriptLeo/DebugModeFunction.cs
  artifactKey: Guid(0e7b2fa876b984736a97287b958f4456) Importer(815301076,1909f56bfc062723c751e8b465ee728b)
Start importing Assets/ScriptLeo/DebugModeFunction.cs using Guid(0e7b2fa876b984736a97287b958f4456) Importer(815301076,1909f56bfc062723c751e8b465ee728b)  -> (artifact id: 'e3ad4d820ebc8e144e6f7c74416c994d') in 0.003982 seconds 
  Import took 0.008113 seconds .

========================================================================
Received Import Request.
  Time since last request: 0.967199 seconds.
  path: Assets/ScriptLeo/Network
  artifactKey: Guid(e602f506d0b324532bb8750fc86bc3bc) Importer(815301076,1909f56bfc062723c751e8b465ee728b)
Start importing Assets/ScriptLeo/Network using Guid(e602f506d0b324532bb8750fc86bc3bc) Importer(815301076,1909f56bfc062723c751e8b465ee728b)  -> (artifact id: 'fcf1c2fa47b26d47cd66bb761caabaf0') in 0.004068 seconds 
  Import took 0.008519 seconds .

AssetImportWorkerClient::OnTransportError - code=2 error=End of file
